17:05:30.007 [main] INFO  HolaMundo - Que pasa loco mundo
17:12:17.414 [main] WARN  HolaMundo - Que pasa loco mundo
21:11:54.892 [main] INFO  es.cursojava.oo.herencia.ejercicios.bandaMusica.BandaMusica - Comienza el concierto!!
<<<<<<< HEAD
05:00:19.726 [main] INFO  es.cursojava.oo.herencia.ejercicios.bandaMusica.BandaMusica - Comienza el concierto!!
05:06:57.334 [main] INFO  es.cursojava.oo.herencia.ejercicios.bandaMusica.BandaMusica - Comienza el concierto!!
05:06:57.341 [main] INFO  es.cursojava.oo.herencia.ejercicios.bandaMusica.Instrumento - El instrumento no esta afinado
05:06:57.341 [main] INFO  es.cursojava.oo.herencia.ejercicios.bandaMusica.Piano - de cola
05:06:57.342 [main] INFO  es.cursojava.oo.herencia.ejercicios.bandaMusica.Instrumento - El instrumento no esta afinado
05:06:57.342 [main] INFO  es.cursojava.oo.herencia.ejercicios.bandaMusica.Guitarra - Afinando guitarra
05:06:57.342 [main] INFO  es.cursojava.oo.herencia.ejercicios.bandaMusica.Instrumento - El instrumento esta afinado
05:06:57.342 [main] INFO  es.cursojava.oo.herencia.ejercicios.bandaMusica.Guitarra - Afinando guitarra
05:06:57.342 [main] INFO  es.cursojava.oo.herencia.ejercicios.bandaMusica.Instrumento - El instrumento esta afinado
05:06:57.342 [main] INFO  es.cursojava.oo.herencia.ejercicios.bandaMusica.Tambor - afinando
05:06:57.343 [main] INFO  es.cursojava.oo.herencia.ejercicios.bandaMusica.Instrumento - Tocando el instrumentopiano1
05:06:57.343 [main] INFO  es.cursojava.oo.herencia.ejercicios.bandaMusica.Instrumento - Tocando el instrumentoguitarra1
05:06:57.343 [main] INFO  es.cursojava.oo.herencia.ejercicios.bandaMusica.Guitarra - Tocar muy alto
05:06:57.343 [main] INFO  es.cursojava.oo.herencia.ejercicios.bandaMusica.Instrumento - Tocando el instrumentotambor1
05:06:57.343 [main] INFO  es.cursojava.oo.herencia.ejercicios.bandaMusica.BandaMusica - La banda suena mal por que esta dafinada
=======
16:10:13.592 [main] INFO  es.cursojava.oo.herencia.ejercicios.bandaMusica.BandaMusica - Comienza el concierto!!
16:12:09.454 [main] INFO  es.cursojava.oo.herencia.ejercicios.bandaMusica.BandaMusica - Comienza el concierto!!
16:15:52.386 [main] INFO  es.cursojava.oo.herencia.ejercicios.bandaMusica.BandaMusica - Comienza el concierto!!
16:15:52.389 [main] INFO  es.cursojava.oo.herencia.ejercicios.bandaMusica.Instrumento - El instrumento esta afinado
16:15:52.389 [main] INFO  es.cursojava.oo.herencia.ejercicios.bandaMusica.Piano - de cola
16:15:52.389 [main] INFO  es.cursojava.oo.herencia.ejercicios.bandaMusica.Instrumento - El instrumento no esta afinado
16:15:52.389 [main] INFO  es.cursojava.oo.herencia.ejercicios.bandaMusica.Guitarra - Afinando guitarra
16:15:52.389 [main] INFO  es.cursojava.oo.herencia.ejercicios.bandaMusica.Instrumento - El instrumento esta afinado
16:15:52.389 [main] INFO  es.cursojava.oo.herencia.ejercicios.bandaMusica.Guitarra - Afinando guitarra
16:15:52.389 [main] INFO  es.cursojava.oo.herencia.ejercicios.bandaMusica.Instrumento - El instrumento no esta afinado
16:15:52.389 [main] INFO  es.cursojava.oo.herencia.ejercicios.bandaMusica.Tambor - afinando
16:15:52.389 [main] INFO  es.cursojava.oo.herencia.ejercicios.bandaMusica.Instrumento - Tocando el instrumentopiano1
16:15:52.389 [main] INFO  es.cursojava.oo.herencia.ejercicios.bandaMusica.Instrumento - Tocando el instrumentoguitarra1
16:15:52.389 [main] INFO  es.cursojava.oo.herencia.ejercicios.bandaMusica.Guitarra - Tocar muy alto
16:15:52.389 [main] INFO  es.cursojava.oo.herencia.ejercicios.bandaMusica.Instrumento - Tocando el instrumentotambor1
16:15:52.390 [main] INFO  es.cursojava.oo.herencia.ejercicios.bandaMusica.BandaMusica - La banda suena mal por que esta dafinada
>>>>>>> branch 'main' of https://github.com/dmora33/CursoJavadmora33
16:25:37.790 [main] INFO  es.cursojava.ficheros.ejercicios.Ejercicio1Ficheros - La extension del fichero perdido.txt es .txt
16:25:37.794 [main] ERROR es.cursojava.ficheros.ejercicios.Ejercicio1Ficheros - Fichero C:\Users\Tardes\Ficheros\documentos\perdido.txt no creado por El sistema no puede encontrar la ruta especificada
16:26:14.031 [main] INFO  es.cursojava.ficheros.ejercicios.Ejercicio1Ficheros - La extension del fichero c:\perdido.txt es .txt
16:26:14.032 [main] ERROR es.cursojava.ficheros.ejercicios.Ejercicio1Ficheros - Fichero C:\Users\Tardes\Ficheros\documentos\c:\perdido.txt no creado por El nombre de archivo, el nombre de directorio o la sintaxis de la etiqueta del volumen no son correctos
16:27:57.016 [main] INFO  es.cursojava.ficheros.ejercicios.Ejercicio1Ficheros - La extension del fichero temato.txt es .txt
16:27:57.017 [main] ERROR es.cursojava.ficheros.ejercicios.Ejercicio1Ficheros - Fichero C:\Users\Tardes\Ficheros\documentos\temato.txt no creado por El sistema no puede encontrar la ruta especificada
